-------------------------------------------------------------------------------
Test set: DummyTest2
-------------------------------------------------------------------------------
Tests run: 1, Failures: 1, Errors: 0, Skipped: 0, Time elapsed: 0 s <<< FAILURE! - in DummyTest2
cagriDummyTest(DummyTest2)  Time elapsed: 0 s  <<< FAILURE!
java.lang.AssertionError
	at DummyTest2.cagriDummyTest(DummyTest2.java:14)

